TN:
SF:script/Deploy.sol
FN:14,Deploy.run
FNDA:0,Deploy.run
DA:15,0
DA:15,0
DA:15,0
DA:17,0
DA:17,0
DA:17,0
DA:18,0
DA:18,0
DA:20,0
DA:20,0
DA:21,0
DA:21,0
DA:21,0
DA:22,0
DA:22,0
DA:22,0
DA:23,0
DA:23,0
DA:23,0
DA:25,0
DA:25,0
DA:25,0
DA:38,0
DA:38,0
DA:38,0
DA:39,0
DA:39,0
DA:40,0
DA:40,0
FNF:1
FNH:0
LF:11
LH:0
BRF:0
BRH:0
end_of_record
TN:
SF:src/FortaStakingVault.sol
FN:87,FortaStakingVault.initialize
FNDA:26,FortaStakingVault.initialize
DA:99,26
DA:99,26
DA:100,26
DA:100,26
DA:101,26
DA:101,26
DA:102,26
DA:102,26
DA:103,26
DA:103,26
DA:104,26
DA:104,26
DA:105,26
DA:105,26
DA:106,26
DA:106,26
DA:108,26
DA:108,26
DA:109,25
DA:109,25
FN:115,FortaStakingVault.supportsInterface
FNDA:3,FortaStakingVault.supportsInterface
DA:122,3
DA:122,3
DA:122,3
FN:130,FortaStakingVault._updateVaultBalance
FNDA:148,FortaStakingVault._updateVaultBalance
DA:131,148
DA:131,148
DA:131,148
DA:132,148
DA:132,148
BRDA:132,0,0,2
BRDA:132,0,1,148
DA:133,2
DA:133,2
DA:134,2
DA:134,2
FN:143,FortaStakingVault._updatePoolsAssets
FNDA:43,FortaStakingVault._updatePoolsAssets
DA:144,43
DA:144,43
DA:145,43
DA:145,43
DA:146,43
DA:146,43
DA:146,77
DA:146,34
DA:147,34
DA:147,34
FN:155,FortaStakingVault._updatePoolAssets
FNDA:77,FortaStakingVault._updatePoolAssets
DA:156,77
DA:156,77
DA:157,77
DA:157,77
DA:157,77
DA:158,77
DA:158,77
DA:158,77
DA:160,77
DA:160,77
DA:160,77
DA:162,77
DA:162,77
BRDA:162,1,0,-
BRDA:162,1,1,39
DA:163,39
DA:163,39
DA:171,77
DA:171,77
BRDA:171,2,0,36
BRDA:171,2,1,77
DA:172,36
DA:172,36
DA:173,36
DA:173,36
FN:177,FortaStakingVault._token
FNDA:356,FortaStakingVault._token
DA:178,356
DA:178,356
DA:178,356
FN:185,FortaStakingVault.totalAssets
FNDA:9,FortaStakingVault.totalAssets
DA:186,35
DA:186,35
FN:195,FortaStakingVault.claimRewards
FNDA:1,FortaStakingVault.claimRewards
DA:196,1
DA:196,1
DA:196,1
DA:197,1
DA:197,1
DA:198,1
DA:198,1
FN:208,FortaStakingVault.delegate
FNDA:28,FortaStakingVault.delegate
DA:209,28
DA:209,28
DA:211,28
DA:211,28
BRDA:211,3,0,1
BRDA:211,3,1,27
DA:212,1
DA:212,1
DA:214,27
DA:214,27
BRDA:214,4,0,27
BRDA:214,4,1,27
DA:215,27
DA:215,27
DA:216,27
DA:216,27
DA:218,27
DA:218,27
DA:219,27
DA:219,27
DA:219,27
DA:220,27
DA:220,27
DA:220,27
DA:221,27
DA:221,27
DA:221,27
DA:223,27
DA:223,27
DA:223,27
DA:224,27
DA:224,27
DA:225,27
DA:225,27
DA:226,27
DA:226,27
FN:238,FortaStakingVault.initiateUndelegate
FNDA:11,FortaStakingVault.initiateUndelegate
DA:246,11
DA:246,11
BRDA:246,5,0,2
BRDA:246,5,1,9
DA:248,2
DA:248,2
DA:251,9
DA:251,9
DA:251,9
DA:252,9
DA:252,9
DA:259,9
DA:259,9
DA:261,9
DA:261,9
DA:262,9
DA:262,9
DA:263,9
DA:263,9
DA:264,9
DA:264,9
DA:264,9
DA:265,9
DA:265,9
DA:266,9
DA:266,9
FN:275,FortaStakingVault.undelegate
FNDA:7,FortaStakingVault.undelegate
DA:276,7
DA:276,7
DA:279,7
DA:279,7
DA:279,7
DA:280,6
DA:280,6
BRDA:278,6,0,1
BRDA:278,6,1,6
DA:282,1
DA:282,1
DA:285,6
DA:285,6
DA:286,6
DA:286,6
DA:286,6
DA:288,6
DA:288,6
DA:288,6
DA:289,6
DA:289,6
DA:289,6
DA:290,6
DA:290,6
DA:290,6
DA:293,6
DA:293,6
DA:294,6
DA:294,6
DA:295,6
DA:295,6
DA:296,6
DA:296,6
DA:297,6
DA:297,6
DA:298,6
DA:298,6
DA:299,6
DA:299,6
DA:301,6
DA:301,6
DA:302,6
DA:302,6
DA:304,6
DA:304,6
DA:307,6
DA:307,6
BRDA:307,7,0,-
BRDA:307,7,1,4
DA:308,4
DA:308,4
DA:309,4
DA:309,4
DA:310,4
DA:310,4
DA:311,4
DA:311,4
DA:312,4
DA:312,4
DA:314,6
DA:314,6
FN:324,FortaStakingVault.deposit
FNDA:23,FortaStakingVault.deposit
DA:325,24
DA:325,24
DA:327,24
DA:327,24
DA:327,24
DA:328,24
DA:328,24
DA:328,24
DA:329,24
DA:329,24
DA:329,24
DA:329,24
DA:331,24
DA:331,24
DA:332,24
DA:332,24
DA:334,24
DA:334,24
FN:349,FortaStakingVault.redeem
FNDA:18,FortaStakingVault.redeem
DA:350,19
DA:350,19
DA:352,19
DA:352,19
DA:352,19
BRDA:352,8,0,2
BRDA:352,8,1,18
DA:354,2
DA:354,2
DA:356,18
DA:356,18
DA:356,18
DA:357,18
DA:357,18
BRDA:357,9,0,1
BRDA:357,9,1,17
DA:358,1
DA:358,1
DA:362,17
DA:362,17
DA:362,17
DA:366,17
DA:366,17
DA:367,17
DA:367,17
DA:367,17
DA:368,17
DA:368,17
DA:368,17
DA:370,17
DA:370,17
DA:371,17
DA:371,17
DA:371,44
DA:371,27
DA:372,27
DA:372,27
DA:373,27
DA:373,27
DA:373,27
DA:374,27
DA:374,27
DA:374,27
DA:375,27
DA:375,27
BRDA:375,10,0,-
BRDA:375,10,1,25
DA:376,25
DA:376,25
DA:383,25
DA:383,25
DA:384,25
DA:384,25
DA:385,25
DA:385,25
DA:386,25
DA:386,25
DA:389,17
DA:389,17
DA:389,17
DA:390,17
DA:390,17
DA:390,17
DA:391,17
DA:391,17
DA:391,42
DA:391,25
DA:392,25
DA:392,25
DA:393,25
DA:393,25
DA:395,17
DA:395,17
DA:400,17
DA:400,17
DA:401,17
DA:401,17
DA:401,17
DA:403,17
DA:403,17
DA:404,17
DA:404,17
DA:404,28
DA:404,11
DA:405,11
DA:405,11
DA:405,11
DA:406,11
DA:406,11
DA:406,11
DA:407,11
DA:407,11
DA:407,11
DA:408,11
DA:408,11
BRDA:408,11,0,-
BRDA:408,11,1,11
DA:409,11
DA:409,11
DA:410,11
DA:410,11
DA:411,11
DA:411,11
DA:412,11
DA:412,11
DA:415,17
DA:415,17
DA:415,17
DA:416,17
DA:416,17
DA:416,28
DA:416,11
DA:417,11
DA:417,11
DA:419,17
DA:419,17
DA:423,17
DA:423,17
DA:424,17
DA:424,17
DA:425,17
DA:425,17
DA:425,17
DA:426,17
DA:426,17
BRDA:426,12,0,15
BRDA:426,12,1,17
DA:427,15
DA:427,15
DA:428,15
DA:428,15
DA:430,15
DA:430,15
DA:433,15
DA:433,15
DA:434,15
DA:434,15
DA:436,17
DA:436,17
DA:438,17
DA:438,17
DA:440,17
DA:440,17
FN:448,FortaStakingVault.mint
FNDA:1,FortaStakingVault.mint
DA:449,1
DA:449,1
DA:449,1
DA:450,1
DA:450,1
DA:450,1
FN:458,FortaStakingVault.withdraw
FNDA:1,FortaStakingVault.withdraw
DA:459,1
DA:459,1
DA:459,1
DA:460,1
DA:460,1
DA:460,1
FN:468,FortaStakingVault.claimRedeem
FNDA:13,FortaStakingVault.claimRedeem
DA:469,13
DA:469,13
DA:469,13
DA:470,13
DA:470,13
DA:470,13
FN:473,FortaStakingVault.getExpectedAssets
FNDA:1,FortaStakingVault.getExpectedAssets
DA:474,1
DA:474,1
DA:474,1
DA:475,1
DA:475,1
DA:475,1
FN:482,FortaStakingVault.getSalt
FNDA:46,FortaStakingVault.getSalt
DA:483,46
DA:483,46
DA:483,46
FN:491,FortaStakingVault.getRedemptionReceiver
FNDA:4,FortaStakingVault.getRedemptionReceiver
DA:492,35
DA:492,35
DA:492,35
FN:500,FortaStakingVault.createAndGetRedemptionReceiver
FNDA:17,FortaStakingVault.createAndGetRedemptionReceiver
DA:501,17
DA:501,17
DA:501,17
DA:502,17
DA:502,17
BRDA:502,13,0,-
BRDA:502,13,1,11
DA:504,11
DA:504,11
DA:505,11
DA:505,11
DA:507,17
DA:507,17
FN:514,FortaStakingVault.updateFeeTreasury
FNDA:3,FortaStakingVault.updateFeeTreasury
DA:515,27
DA:515,27
DA:515,27
BRDA:515,14,0,2
BRDA:515,14,1,25
DA:516,2
DA:516,2
DA:518,25
DA:518,25
DA:519,25
DA:519,25
FN:526,FortaStakingVault.updateFeeBasisPoints
FNDA:3,FortaStakingVault.updateFeeBasisPoints
DA:527,28
DA:527,28
BRDA:527,15,0,2
BRDA:527,15,1,26
DA:528,2
DA:528,2
DA:530,26
DA:530,26
DA:531,26
DA:531,26
FNF:22
FNH:22
LF:169
LH:169
BRF:32
BRH:27
end_of_record
TN:
SF:src/InactiveSharesDistributor.sol
FN:44,InactiveSharesDistributor.initialize
FNDA:9,InactiveSharesDistributor.initialize
DA:53,9
DA:53,9
DA:54,9
DA:54,9
DA:56,9
DA:56,9
DA:57,9
DA:57,9
DA:58,9
DA:58,9
DA:59,9
DA:59,9
DA:61,9
DA:61,9
FN:69,InactiveSharesDistributor.initiateUndelegate
FNDA:9,InactiveSharesDistributor.initiateUndelegate
DA:70,9
DA:70,9
DA:71,9
DA:71,9
FN:79,InactiveSharesDistributor.undelegate
FNDA:6,InactiveSharesDistributor.undelegate
DA:80,6
DA:80,6
DA:80,6
DA:81,6
DA:81,6
DA:82,6
DA:82,6
DA:84,6
DA:84,6
DA:84,6
DA:85,6
DA:85,6
BRDA:85,0,0,4
BRDA:85,0,1,4
DA:86,4
DA:86,4
DA:86,4
DA:87,4
DA:87,4
DA:87,4
DA:87,4
DA:88,4
DA:88,4
BRDA:88,1,0,4
BRDA:88,1,1,4
DA:89,4
DA:89,4
DA:91,4
DA:91,4
DA:93,6
DA:93,6
FN:102,InactiveSharesDistributor.claim
FNDA:9,InactiveSharesDistributor.claim
DA:103,9
DA:103,9
BRDA:103,2,0,2
BRDA:103,2,1,7
DA:103,2
DA:105,7
DA:105,7
DA:105,7
DA:106,7
DA:106,7
BRDA:106,3,0,-
BRDA:106,3,1,7
DA:106,0
DA:108,7
DA:108,7
DA:108,7
DA:109,7
DA:109,7
BRDA:109,4,0,7
BRDA:109,4,1,7
DA:110,7
DA:110,7
DA:112,7
DA:112,7
DA:113,7
DA:113,7
FN:116,InactiveSharesDistributor.getExpectedAssets
FNDA:4,InactiveSharesDistributor.getExpectedAssets
DA:117,4
DA:117,4
DA:117,4
DA:119,4
DA:119,4
DA:119,4
DA:120,4
DA:120,4
DA:120,4
DA:122,4
DA:122,4
DA:122,4
DA:123,4
DA:123,4
DA:123,4
FNF:5
FNH:5
LF:33
LH:33
BRF:10
BRH:9
end_of_record
TN:
SF:src/RedemptionReceiver.sol
FN:42,RedemptionReceiver.initialize
FNDA:11,RedemptionReceiver.initialize
DA:43,11
DA:43,11
DA:44,11
DA:44,11
DA:45,11
DA:45,11
FN:53,RedemptionReceiver.addUndelegations
FNDA:17,RedemptionReceiver.addUndelegations
DA:54,17
DA:54,17
DA:55,17
DA:55,17
DA:55,42
DA:55,25
DA:56,25
DA:56,25
DA:57,25
DA:57,25
BRDA:57,0,0,23
BRDA:57,0,1,25
DA:58,23
DA:58,23
DA:60,25
DA:60,25
FN:68,RedemptionReceiver.addDistributors
FNDA:17,RedemptionReceiver.addDistributors
DA:69,17
DA:69,17
DA:70,17
DA:70,17
DA:70,28
DA:70,11
DA:71,11
DA:71,11
DA:72,11
DA:72,11
BRDA:72,1,0,9
BRDA:72,1,1,11
DA:73,9
DA:73,9
DA:74,9
DA:74,9
FN:86,RedemptionReceiver.claim
FNDA:13,RedemptionReceiver.claim
DA:95,13
DA:95,13
DA:96,13
DA:96,13
DA:96,30
DA:97,17
DA:97,17
DA:99,17
DA:99,17
DA:100,15
DA:100,15
BRDA:98,2,0,-
BRDA:98,2,1,15
DA:102,15
DA:102,15
DA:103,15
DA:103,15
DA:104,15
DA:104,15
DA:105,15
DA:105,15
DA:107,2
DA:107,2
DA:110,13
DA:110,13
DA:110,22
DA:111,9
DA:111,9
DA:111,9
DA:112,9
DA:112,9
DA:112,9
DA:113,9
DA:113,9
DA:113,9
DA:114,9
BRDA:114,3,0,-
BRDA:114,3,1,7
DA:115,7
DA:115,7
DA:115,7
DA:116,7
DA:116,7
DA:117,7
DA:117,7
DA:118,7
DA:118,7
DA:119,7
DA:119,7
DA:121,2
DA:121,2
DA:124,13
DA:124,13
DA:124,13
DA:125,13
DA:125,13
DA:126,13
DA:126,13
FN:129,RedemptionReceiver.getSubjectAssets
FNDA:4,RedemptionReceiver.getSubjectAssets
DA:130,4
DA:130,4
DA:130,4
DA:131,4
DA:131,4
DA:131,4
DA:132,4
DA:132,4
DA:132,4
FN:135,RedemptionReceiver.getDistributorAssets
FNDA:4,RedemptionReceiver.getDistributorAssets
DA:136,4
DA:136,4
DA:136,4
FN:139,RedemptionReceiver.getExpectedAssets
FNDA:2,RedemptionReceiver.getExpectedAssets
DA:140,2
DA:140,2
DA:141,2
DA:141,2
DA:142,2
DA:142,2
DA:142,6
DA:142,4
DA:143,4
DA:143,4
DA:146,2
DA:146,2
DA:147,2
DA:147,2
DA:147,6
DA:147,4
DA:148,4
DA:148,4
DA:151,2
DA:151,2
FNF:7
FNH:7
LF:51
LH:51
BRF:8
BRH:6
end_of_record
TN:
SF:src/utils/OperatorFeeUtils.sol
FN:15,OperatorFeeUtils.deductAndTransferFee
FNDA:28,OperatorFeeUtils.deductAndTransferFee
DA:24,28
DA:24,28
DA:25,28
DA:25,28
BRDA:25,0,0,3
BRDA:25,0,1,4
DA:26,4
DA:26,4
DA:27,4
DA:27,4
BRDA:27,1,0,3
BRDA:27,1,1,4
DA:28,3
DA:28,3
DA:31,28
DA:31,28
DA:31,28
FNF:1
FNH:1
LF:6
LH:6
BRF:4
BRH:4
end_of_record
TN:
SF:test/fixture/TestHelpers.sol
FN:28,TestHelpers._forkPolygon
FNDA:22,TestHelpers._forkPolygon
DA:29,22
DA:29,22
FN:32,TestHelpers.cloneVault
FNDA:25,TestHelpers.cloneVault
DA:33,25
DA:33,25
DA:33,25
DA:34,25
DA:34,25
DA:34,25
FN:37,TestHelpers._deployVault
FNDA:24,TestHelpers._deployVault
DA:38,24
DA:38,24
DA:38,24
DA:39,24
DA:39,24
DA:39,24
DA:40,24
DA:40,24
DA:41,24
DA:41,24
DA:50,24
DA:50,24
DA:51,24
DA:51,24
FN:54,TestHelpers._deposit
FNDA:22,TestHelpers._deposit
DA:55,22
DA:55,22
DA:56,22
DA:56,22
DA:57,22
DA:57,22
DA:57,22
FNF:4
FNH:4
LF:12
LH:12
BRF:0
BRH:0
end_of_record
