TN:
SF:script/Deploy.sol
FN:14,Deploy.run
FNDA:0,Deploy.run
DA:15,0
DA:15,0
DA:15,0
DA:17,0
DA:17,0
DA:17,0
DA:18,0
DA:18,0
DA:20,0
DA:20,0
DA:21,0
DA:21,0
DA:21,0
DA:22,0
DA:22,0
DA:22,0
DA:23,0
DA:23,0
DA:23,0
DA:25,0
DA:25,0
DA:25,0
DA:38,0
DA:38,0
DA:38,0
DA:39,0
DA:39,0
DA:40,0
DA:40,0
FNF:1
FNH:0
LF:11
LH:0
BRF:0
BRH:0
end_of_record
TN:
SF:src/FortaStakingVault.sol
FN:87,FortaStakingVault.initialize
FNDA:23,FortaStakingVault.initialize
DA:96,23
DA:96,23
DA:97,23
DA:97,23
DA:98,23
DA:98,23
DA:99,23
DA:99,23
DA:100,23
DA:100,23
DA:101,23
DA:101,23
DA:102,23
DA:102,23
DA:103,23
DA:103,23
DA:105,23
DA:105,23
DA:106,22
DA:106,22
FN:112,FortaStakingVault.supportsInterface
FNDA:3,FortaStakingVault.supportsInterface
DA:124,3
DA:124,3
DA:124,3
FN:132,FortaStakingVault._updateVaultBalance
FNDA:122,FortaStakingVault._updateVaultBalance
DA:133,122
DA:133,122
DA:133,122
DA:134,122
DA:134,122
BRDA:134,0,0,2
BRDA:134,0,1,122
DA:135,2
DA:135,2
DA:136,2
DA:136,2
FN:145,FortaStakingVault._updatePoolsAssets
FNDA:37,FortaStakingVault._updatePoolsAssets
DA:146,37
DA:146,37
DA:147,37
DA:147,37
DA:148,37
DA:148,37
DA:148,65
DA:148,28
DA:149,28
DA:149,28
FN:157,FortaStakingVault._updatePoolAssets
FNDA:61,FortaStakingVault._updatePoolAssets
DA:158,61
DA:158,61
DA:159,61
DA:159,61
DA:159,61
DA:163,61
DA:163,61
DA:163,61
DA:165,61
DA:165,61
DA:165,61
DA:170,61
DA:170,61
BRDA:170,1,0,-
BRDA:170,1,1,29
DA:171,29
DA:171,29
DA:181,61
DA:181,61
BRDA:181,2,0,27
BRDA:181,2,1,61
DA:182,27
DA:182,27
DA:183,27
DA:183,27
FN:187,FortaStakingVault._token
FNDA:298,FortaStakingVault._token
DA:188,298
DA:188,298
DA:188,298
FN:195,FortaStakingVault.totalAssets
FNDA:9,FortaStakingVault.totalAssets
DA:196,31
DA:196,31
FN:205,FortaStakingVault.claimRewards
FNDA:1,FortaStakingVault.claimRewards
DA:206,1
DA:206,1
DA:206,1
DA:207,1
DA:207,1
DA:208,1
DA:208,1
FN:222,FortaStakingVault.delegate
FNDA:24,FortaStakingVault.delegate
DA:226,24
DA:226,24
DA:228,24
DA:228,24
BRDA:228,3,0,1
BRDA:228,3,1,23
DA:229,1
DA:229,1
DA:231,23
DA:231,23
BRDA:231,4,0,23
BRDA:231,4,1,23
DA:232,23
DA:232,23
DA:233,23
DA:233,23
DA:235,23
DA:235,23
DA:236,23
DA:236,23
DA:236,23
DA:237,23
DA:237,23
DA:237,23
DA:242,23
DA:242,23
DA:242,23
DA:244,23
DA:244,23
DA:244,23
DA:245,23
DA:245,23
DA:246,23
DA:246,23
DA:247,23
DA:247,23
FN:259,FortaStakingVault.initiateUndelegate
FNDA:7,FortaStakingVault.initiateUndelegate
DA:263,7
DA:263,7
BRDA:263,5,0,1
BRDA:263,5,1,6
DA:265,1
DA:265,1
DA:268,6
DA:268,6
DA:268,6
DA:271,6
DA:271,6
DA:281,6
DA:281,6
DA:283,6
DA:283,6
DA:286,6
DA:286,6
DA:287,6
DA:287,6
DA:288,6
DA:288,6
DA:288,6
DA:289,6
DA:289,6
DA:290,6
DA:290,6
FN:299,FortaStakingVault.undelegate
FNDA:6,FortaStakingVault.undelegate
DA:300,6
DA:300,6
DA:303,6
DA:303,6
DA:303,6
DA:305,5
DA:305,5
BRDA:302,6,0,1
BRDA:302,6,1,5
DA:307,1
DA:307,1
DA:310,5
DA:310,5
DA:313,5
DA:313,5
DA:313,5
DA:317,5
DA:317,5
DA:317,5
DA:318,5
DA:318,5
DA:318,5
DA:319,5
DA:319,5
DA:319,5
DA:322,5
DA:322,5
DA:325,5
DA:325,5
DA:326,5
DA:326,5
DA:329,5
DA:329,5
DA:330,5
DA:330,5
DA:331,5
DA:331,5
DA:332,5
DA:332,5
DA:334,5
DA:334,5
DA:336,5
DA:336,5
DA:338,5
DA:338,5
DA:341,5
DA:341,5
BRDA:341,7,0,-
BRDA:341,7,1,4
DA:342,4
DA:342,4
DA:343,4
DA:343,4
DA:344,4
DA:344,4
DA:345,4
DA:345,4
DA:346,4
DA:346,4
DA:347,4
DA:347,4
DA:349,1
DA:349,1
DA:351,5
DA:351,5
FN:361,FortaStakingVault.deposit
FNDA:21,FortaStakingVault.deposit
DA:365,21
DA:365,21
DA:367,21
DA:367,21
DA:367,21
DA:368,21
DA:368,21
DA:368,21
DA:369,21
DA:369,21
DA:369,21
DA:369,21
DA:372,21
DA:372,21
DA:373,21
DA:373,21
DA:375,21
DA:375,21
FN:390,FortaStakingVault.redeem
FNDA:15,FortaStakingVault.redeem
DA:395,16
DA:395,16
DA:397,16
DA:397,16
DA:397,16
BRDA:397,8,0,2
BRDA:397,8,1,15
DA:399,2
DA:399,2
DA:401,15
DA:401,15
DA:401,15
DA:403,15
DA:403,15
BRDA:403,9,0,1
BRDA:403,9,1,14
DA:404,1
DA:404,1
DA:408,14
DA:408,14
DA:408,14
DA:414,14
DA:414,14
DA:415,14
DA:415,14
DA:415,14
DA:418,14
DA:418,14
DA:418,14
DA:422,14
DA:422,14
DA:423,14
DA:423,14
DA:423,35
DA:423,21
DA:424,21
DA:424,21
DA:425,21
DA:425,21
DA:425,21
DA:430,21
DA:430,21
DA:430,21
DA:435,21
DA:435,21
BRDA:435,10,0,-
BRDA:435,10,1,19
DA:436,19
DA:436,19
DA:446,19
DA:446,19
DA:447,19
DA:447,19
DA:450,19
DA:450,19
DA:451,19
DA:451,19
DA:454,14
DA:454,14
DA:454,14
DA:457,14
DA:457,14
DA:457,14
DA:460,14
DA:460,14
DA:460,33
DA:460,19
DA:461,19
DA:461,19
DA:462,19
DA:462,19
DA:464,14
DA:464,14
DA:472,14
DA:472,14
DA:473,14
DA:473,14
DA:473,14
DA:477,14
DA:477,14
DA:478,14
DA:478,14
DA:478,22
DA:478,8
DA:479,8
DA:479,8
DA:479,8
DA:482,8
DA:482,8
DA:482,8
DA:483,8
DA:483,8
DA:483,8
DA:488,8
DA:488,8
BRDA:488,11,0,-
BRDA:488,11,1,8
DA:489,8
DA:489,8
DA:493,8
DA:493,8
DA:496,8
DA:496,8
DA:497,8
DA:497,8
DA:500,14
DA:500,14
DA:500,14
DA:503,14
DA:503,14
DA:503,22
DA:503,8
DA:504,8
DA:504,8
DA:506,14
DA:506,14
DA:510,14
DA:510,14
DA:511,14
DA:511,14
DA:512,14
DA:512,14
DA:512,14
DA:513,14
DA:513,14
BRDA:513,12,0,13
BRDA:513,12,1,14
DA:514,13
DA:514,13
DA:519,13
DA:519,13
DA:525,13
DA:525,13
DA:528,13
DA:528,13
DA:529,13
DA:529,13
DA:531,14
DA:531,14
DA:533,14
DA:533,14
DA:541,14
DA:541,14
FN:549,FortaStakingVault.mint
FNDA:0,FortaStakingVault.mint
DA:553,0
DA:553,0
DA:553,0
DA:554,0
DA:554,0
DA:554,0
FN:562,FortaStakingVault.withdraw
FNDA:1,FortaStakingVault.withdraw
DA:567,1
DA:567,1
DA:567,1
DA:568,1
DA:568,1
DA:568,1
FN:576,FortaStakingVault.claimRedeem
FNDA:10,FortaStakingVault.claimRedeem
DA:577,10
DA:577,10
DA:577,10
DA:580,10
DA:580,10
DA:581,10
DA:581,10
FN:584,FortaStakingVault.getExpectedAssets
FNDA:0,FortaStakingVault.getExpectedAssets
DA:585,0
DA:585,0
DA:585,0
DA:588,0
DA:588,0
DA:588,0
FN:595,FortaStakingVault.getSalt
FNDA:36,FortaStakingVault.getSalt
DA:596,36
DA:596,36
DA:596,36
FN:604,FortaStakingVault.getRedemptionReceiver
FNDA:3,FortaStakingVault.getRedemptionReceiver
DA:605,27
DA:605,27
DA:606,27
DA:606,27
FN:617,FortaStakingVault.createAndGetRedemptionReceiver
FNDA:14,FortaStakingVault.createAndGetRedemptionReceiver
DA:620,14
DA:620,14
DA:620,14
DA:621,14
DA:621,14
BRDA:621,13,0,-
BRDA:621,13,1,9
DA:623,9
DA:623,9
DA:624,9
DA:624,9
DA:626,14
DA:626,14
FN:633,FortaStakingVault.updateFeeTreasury
FNDA:3,FortaStakingVault.updateFeeTreasury
DA:636,24
DA:636,24
DA:636,24
BRDA:636,14,0,2
BRDA:636,14,1,22
DA:637,2
DA:637,2
DA:639,22
DA:639,22
DA:640,22
DA:640,22
FN:647,FortaStakingVault.updateFeeBasisPoints
FNDA:3,FortaStakingVault.updateFeeBasisPoints
DA:650,25
DA:650,25
BRDA:650,15,0,2
BRDA:650,15,1,23
DA:651,2
DA:651,2
DA:653,23
DA:653,23
DA:654,23
DA:654,23
FNF:22
FNH:20
LF:173
LH:169
BRF:32
BRH:27
end_of_record
TN:
SF:src/InactiveSharesDistributor.sol
FN:44,InactiveSharesDistributor.initialize
FNDA:6,InactiveSharesDistributor.initialize
DA:53,6
DA:53,6
DA:54,6
DA:54,6
DA:56,6
DA:56,6
DA:57,6
DA:57,6
DA:58,6
DA:58,6
DA:59,6
DA:59,6
DA:61,6
DA:61,6
FN:69,InactiveSharesDistributor.initiateUndelegate
FNDA:6,InactiveSharesDistributor.initiateUndelegate
DA:70,6
DA:70,6
DA:71,6
DA:71,6
FN:79,InactiveSharesDistributor.undelegate
FNDA:5,InactiveSharesDistributor.undelegate
DA:80,5
DA:80,5
DA:80,5
DA:81,5
DA:81,5
DA:82,5
DA:82,5
DA:84,5
DA:84,5
DA:84,5
DA:85,5
DA:85,5
BRDA:85,0,0,3
BRDA:85,0,1,3
DA:86,3
DA:86,3
DA:86,3
DA:87,3
DA:87,3
DA:87,3
DA:87,3
DA:88,3
DA:88,3
BRDA:88,1,0,3
BRDA:88,1,1,3
DA:89,3
DA:89,3
DA:91,3
DA:91,3
DA:93,5
DA:93,5
FN:102,InactiveSharesDistributor.claim
FNDA:7,InactiveSharesDistributor.claim
DA:103,7
DA:103,7
BRDA:103,2,0,1
BRDA:103,2,1,6
DA:103,1
DA:105,6
DA:105,6
DA:105,6
DA:106,6
DA:106,6
BRDA:106,3,0,-
BRDA:106,3,1,6
DA:106,0
DA:108,6
DA:108,6
DA:108,6
DA:109,6
DA:109,6
BRDA:109,4,0,6
BRDA:109,4,1,6
DA:110,6
DA:110,6
DA:112,6
DA:112,6
DA:113,6
DA:113,6
FN:116,InactiveSharesDistributor.getExpectedAssets
FNDA:0,InactiveSharesDistributor.getExpectedAssets
DA:117,0
DA:117,0
DA:117,0
DA:119,0
DA:119,0
DA:119,0
DA:120,0
DA:120,0
DA:120,0
DA:122,0
DA:122,0
DA:122,0
DA:123,0
DA:123,0
DA:123,0
FNF:5
FNH:4
LF:33
LH:28
BRF:10
BRH:9
end_of_record
TN:
SF:src/RedemptionReceiver.sol
FN:42,RedemptionReceiver.initialize
FNDA:9,RedemptionReceiver.initialize
DA:43,9
DA:43,9
DA:44,9
DA:44,9
DA:45,9
DA:45,9
FN:53,RedemptionReceiver.addUndelegations
FNDA:14,RedemptionReceiver.addUndelegations
DA:54,14
DA:54,14
DA:55,14
DA:55,14
DA:55,33
DA:55,19
DA:56,19
DA:56,19
DA:57,19
DA:57,19
BRDA:57,0,0,17
BRDA:57,0,1,19
DA:58,17
DA:58,17
DA:60,19
DA:60,19
FN:68,RedemptionReceiver.addDistributors
FNDA:14,RedemptionReceiver.addDistributors
DA:69,14
DA:69,14
DA:70,14
DA:70,14
DA:70,22
DA:70,8
DA:71,8
DA:71,8
DA:72,8
DA:72,8
BRDA:72,1,0,6
BRDA:72,1,1,8
DA:73,6
DA:73,6
DA:74,6
DA:74,6
FN:86,RedemptionReceiver.claim
FNDA:10,RedemptionReceiver.claim
DA:95,10
DA:95,10
DA:96,10
DA:96,10
DA:96,23
DA:97,13
DA:97,13
DA:99,13
DA:99,13
DA:100,13
DA:100,13
BRDA:98,2,0,-
BRDA:98,2,1,13
DA:102,13
DA:102,13
DA:103,13
DA:103,13
DA:104,13
DA:104,13
DA:105,13
DA:105,13
DA:107,0
DA:107,0
DA:110,10
DA:110,10
DA:110,17
DA:111,7
DA:111,7
DA:111,7
DA:112,7
DA:112,7
DA:112,7
DA:113,7
DA:113,7
DA:113,7
DA:114,7
BRDA:114,3,0,-
BRDA:114,3,1,6
DA:115,6
DA:115,6
DA:115,6
DA:116,6
DA:116,6
DA:117,6
DA:117,6
DA:118,6
DA:118,6
DA:119,6
DA:119,6
DA:121,1
DA:121,1
DA:124,10
DA:124,10
DA:124,10
DA:125,10
DA:125,10
DA:126,10
DA:126,10
FN:129,RedemptionReceiver.getSubjectAssets
FNDA:0,RedemptionReceiver.getSubjectAssets
DA:130,0
DA:130,0
DA:130,0
DA:131,0
DA:131,0
DA:131,0
DA:132,0
DA:132,0
DA:132,0
FN:135,RedemptionReceiver.getDistributorAssets
FNDA:0,RedemptionReceiver.getDistributorAssets
DA:136,0
DA:136,0
DA:136,0
FN:139,RedemptionReceiver.getExpectedAssets
FNDA:0,RedemptionReceiver.getExpectedAssets
DA:140,0
DA:140,0
DA:141,0
DA:141,0
DA:142,0
DA:142,0
DA:142,0
DA:142,0
DA:143,0
DA:143,0
DA:146,0
DA:146,0
DA:147,0
DA:147,0
DA:147,0
DA:147,0
DA:148,0
DA:148,0
DA:151,0
DA:151,0
FNF:7
FNH:4
LF:51
LH:38
BRF:8
BRH:6
end_of_record
TN:
SF:src/utils/OperatorFeeUtils.sol
FN:15,OperatorFeeUtils.deductAndTransferFee
FNDA:23,OperatorFeeUtils.deductAndTransferFee
DA:24,23
DA:24,23
DA:25,23
DA:25,23
BRDA:25,0,0,2
BRDA:25,0,1,2
DA:26,2
DA:26,2
DA:27,2
DA:27,2
BRDA:27,1,0,2
BRDA:27,1,1,2
DA:28,2
DA:28,2
DA:31,23
DA:31,23
DA:31,23
FNF:1
FNH:1
LF:6
LH:6
BRF:4
BRH:4
end_of_record
TN:
SF:test/fixture/TestHelpers.sol
FN:28,TestHelpers._forkPolygon
FNDA:20,TestHelpers._forkPolygon
DA:29,20
DA:29,20
FN:32,TestHelpers.cloneVault
FNDA:22,TestHelpers.cloneVault
DA:33,22
DA:33,22
DA:33,22
DA:34,22
DA:34,22
DA:34,22
FN:37,TestHelpers._deployVault
FNDA:21,TestHelpers._deployVault
DA:38,21
DA:38,21
DA:38,21
DA:39,21
DA:39,21
DA:39,21
DA:40,21
DA:40,21
DA:41,21
DA:41,21
DA:50,21
DA:50,21
DA:51,21
DA:51,21
FN:54,TestHelpers._deposit
FNDA:19,TestHelpers._deposit
DA:59,19
DA:59,19
DA:60,19
DA:60,19
DA:61,19
DA:61,19
DA:61,19
FNF:4
FNH:4
LF:12
LH:12
BRF:0
BRH:0
end_of_record
